# JRE version: Java(TM) SE Runtime Environment (8.0_152-b16) (build 1.8.0_152-b16)
# Java VM: Java HotSpot(TM) 64-Bit Server VM (25.152-b16 mixed mode windows-amd64 compressed oops)
Heap:
 PSYoungGen      total 369152K, used 131721K [0x00000000e0000000, 0x00000000fbb80000, 0x0000000100000000)
  eden space 302592K, 40% used [0x00000000e0000000,0x00000000e787d308,0x00000000f2780000)
  from space 66560K, 12% used [0x00000000f7a80000,0x00000000f82a5100,0x00000000fbb80000)
  to   space 75776K, 0% used [0x00000000f2780000,0x00000000f2780000,0x00000000f7180000)
 ParOldGen       total 185344K, used 126722K [0x00000000a0000000, 0x00000000ab500000, 0x00000000e0000000)
  object space 185344K, 68% used [0x00000000a0000000,0x00000000a7bc08c0,0x00000000ab500000)
 Metaspace       used 84360K, capacity 90289K, committed 90520K, reserved 1128448K
  class space    used 10801K, capacity 12111K, committed 12208K, reserved 1048576K
GC Heap History (10 events):
Event: 8160.134 GC heap before
{Heap before GC invocations=39 (full 3):
 PSYoungGen      total 366592K, used 333491K [0x00000000e0000000, 0x00000000fc980000, 0x0000000100000000)
  eden space 283648K, 99% used [0x00000000e0000000,0x00000000f14ee478,0x00000000f1500000)
  from space 82944K, 60% used [0x00000000f1500000,0x00000000f45be8d0,0x00000000f6600000)
  to   space 81920K, 0% used [0x00000000f7980000,0x00000000f7980000,0x00000000fc980000)
 ParOldGen       total 185344K, used 110525K [0x00000000a0000000, 0x00000000ab500000, 0x00000000e0000000)
  object space 185344K, 59% used [0x00000000a0000000,0x00000000a6bef7c8,0x00000000ab500000)
 Metaspace       used 79436K, capacity 84031K, committed 84248K, reserved 1122304K
  class space    used 10249K, capacity 11280K, committed 11312K, reserved 1048576K
Event: 8160.163 GC heap after
Heap after GC invocations=39 (full 3):
 PSYoungGen      total 384512K, used 30852K [0x00000000e0000000, 0x00000000fc680000, 0x0000000100000000)
  eden space 305664K, 0% used [0x00000000e0000000,0x00000000e0000000,0x00000000f2a80000)
  from space 78848K, 39% used [0x00000000f7980000,0x00000000f97a1170,0x00000000fc680000)
  to   space 79872K, 0% used [0x00000000f2a80000,0x00000000f2a80000,0x00000000f7880000)
 ParOldGen       total 185344K, used 117053K [0x00000000a0000000, 0x00000000ab500000, 0x00000000e0000000)
  object space 185344K, 63% used [0x00000000a0000000,0x00000000a724f6d8,0x00000000ab500000)
 Metaspace       used 79436K, capacity 84031K, committed 84248K, reserved 1122304K
  class space    used 10249K, capacity 11280K, committed 11312K, reserved 1048576K
}
Event: 9221.389 GC heap before
{Heap before GC invocations=40 (full 3):
 PSYoungGen      total 384512K, used 336516K [0x00000000e0000000, 0x00000000fc680000, 0x0000000100000000)
  eden space 305664K, 100% used [0x00000000e0000000,0x00000000f2a80000,0x00000000f2a80000)
  from space 78848K, 39% used [0x00000000f7980000,0x00000000f97a1170,0x00000000fc680000)
  to   space 79872K, 0% used [0x00000000f2a80000,0x00000000f2a80000,0x00000000f7880000)
 ParOldGen       total 185344K, used 117053K [0x00000000a0000000, 0x00000000ab500000, 0x00000000e0000000)
  object space 185344K, 63% used [0x00000000a0000000,0x00000000a724f6d8,0x00000000ab500000)
 Metaspace       used 79835K, capacity 84621K, committed 84888K, reserved 1122304K
  class space    used 10298K, capacity 11387K, committed 11440K, reserved 1048576K
Event: 9221.471 GC heap after
Heap after GC invocations=40 (full 3):
 PSYoungGen      total 385536K, used 39451K [0x00000000e0000000, 0x00000000fd280000, 0x0000000100000000)
  eden space 305664K, 0% used [0x00000000e0000000,0x00000000e0000000,0x00000000f2a80000)
  from space 79872K, 49% used [0x00000000f2a80000,0x00000000f5106fc0,0x00000000f7880000)
  to   space 76288K, 0% used [0x00000000f8800000,0x00000000f8800000,0x00000000fd280000)
 ParOldGen       total 185344K, used 119698K [0x00000000a0000000, 0x00000000ab500000, 0x00000000e0000000)
  object space 185344K, 64% used [0x00000000a0000000,0x00000000a74e4b98,0x00000000ab500000)
 Metaspace       used 79835K, capacity 84621K, committed 84888K, reserved 1122304K
  class space    used 10298K, capacity 11387K, committed 11440K, reserved 1048576K
}
Event: 9224.426 GC heap before
{Heap before GC invocations=41 (full 3):
 PSYoungGen      total 385536K, used 345115K [0x00000000e0000000, 0x00000000fd280000, 0x0000000100000000)
  eden space 305664K, 100% used [0x00000000e0000000,0x00000000f2a80000,0x00000000f2a80000)
  from space 79872K, 49% used [0x00000000f2a80000,0x00000000f5106fc0,0x00000000f7880000)
  to   space 76288K, 0% used [0x00000000f8800000,0x00000000f8800000,0x00000000fd280000)
 ParOldGen       total 185344K, used 119698K [0x00000000a0000000, 0x00000000ab500000, 0x00000000e0000000)
  object space 185344K, 64% used [0x00000000a0000000,0x00000000a74e4b98,0x00000000ab500000)
 Metaspace       used 79877K, capacity 84621K, committed 84888K, reserved 1122304K
  class space    used 10300K, capacity 11387K, committed 11440K, reserved 1048576K
Event: 9224.454 GC heap after
Heap after GC invocations=41 (full 3):
 PSYoungGen      total 393216K, used 39191K [0x00000000e0000000, 0x00000000fcb00000, 0x0000000100000000)
  eden space 324608K, 0% used [0x00000000e0000000,0x00000000e0000000,0x00000000f3d00000)
  from space 68608K, 57% used [0x00000000f8800000,0x00000000fae45e30,0x00000000fcb00000)
  to   space 72704K, 0% used [0x00000000f3d00000,0x00000000f3d00000,0x00000000f8400000)
 ParOldGen       total 185344K, used 126154K [0x00000000a0000000, 0x00000000ab500000, 0x00000000e0000000)
  object space 185344K, 68% used [0x00000000a0000000,0x00000000a7b328b0,0x00000000ab500000)
 Metaspace       used 79877K, capacity 84621K, committed 84888K, reserved 1122304K
  class space    used 10300K, capacity 11387K, committed 11440K, reserved 1048576K
}
Event: 10126.979 GC heap before
{Heap before GC invocations=42 (full 3):
 PSYoungGen      total 393216K, used 363799K [0x00000000e0000000, 0x00000000fcb00000, 0x0000000100000000)
  eden space 324608K, 100% used [0x00000000e0000000,0x00000000f3d00000,0x00000000f3d00000)
  from space 68608K, 57% used [0x00000000f8800000,0x00000000fae45e30,0x00000000fcb00000)
  to   space 72704K, 0% used [0x00000000f3d00000,0x00000000f3d00000,0x00000000f8400000)
 ParOldGen       total 185344K, used 126154K [0x00000000a0000000, 0x00000000ab500000, 0x00000000e0000000)
  object space 185344K, 68% used [0x00000000a0000000,0x00000000a7b328b0,0x00000000ab500000)
 Metaspace       used 83016K, capacity 88227K, committed 88472K, reserved 1126400K
  class space    used 10643K, capacity 11840K, committed 11952K, reserved 1048576K
Event: 10127.013 GC heap after
Heap after GC invocations=42 (full 3):
 PSYoungGen      total 328192K, used 14358K [0x00000000e0000000, 0x00000000fc300000, 0x0000000100000000)
  eden space 313344K, 0% used [0x00000000e0000000,0x00000000e0000000,0x00000000f3200000)
  from space 14848K, 96% used [0x00000000f3d00000,0x00000000f4b05818,0x00000000f4b80000)
  to   space 74240K, 0% used [0x00000000f7a80000,0x00000000f7a80000,0x00000000fc300000)
 ParOldGen       total 185344K, used 126690K [0x00000000a0000000, 0x00000000ab500000, 0x00000000e0000000)
  object space 185344K, 68% used [0x00000000a0000000,0x00000000a7bb88c0,0x00000000ab500000)
 Metaspace       used 83016K, capacity 88227K, committed 88472K, reserved 1126400K
  class space    used 10643K, capacity 11840K, committed 11952K, reserved 1048576K
}
Event: 15140.631 GC heap before
{Heap before GC invocations=43 (full 3):
 PSYoungGen      total 328192K, used 327702K [0x00000000e0000000, 0x00000000fc300000, 0x0000000100000000)
  eden space 313344K, 100% used [0x00000000e0000000,0x00000000f3200000,0x00000000f3200000)
  from space 14848K, 96% used [0x00000000f3d00000,0x00000000f4b05818,0x00000000f4b80000)
  to   space 74240K, 0% used [0x00000000f7a80000,0x00000000f7a80000,0x00000000fc300000)
 ParOldGen       total 185344K, used 126690K [0x00000000a0000000, 0x00000000ab500000, 0x00000000e0000000)
  object space 185344K, 68% used [0x00000000a0000000,0x00000000a7bb88c0,0x00000000ab500000)
 Metaspace       used 83902K, capacity 89661K, committed 89880K, reserved 1126400K
  class space    used 10756K, capacity 12043K, committed 12080K, reserved 1048576K
Event: 15140.848 GC heap after
Heap after GC invocations=43 (full 3):
 PSYoungGen      total 369152K, used 8340K [0x00000000e0000000, 0x00000000fbb80000, 0x0000000100000000)
  eden space 302592K, 0% used [0x00000000e0000000,0x00000000e0000000,0x00000000f2780000)
  from space 66560K, 12% used [0x00000000f7a80000,0x00000000f82a5100,0x00000000fbb80000)
  to   space 75776K, 0% used [0x00000000f2780000,0x00000000f2780000,0x00000000f7180000)
 ParOldGen       total 185344K, used 126722K [0x00000000a0000000, 0x00000000ab500000, 0x00000000e0000000)
  object space 185344K, 68% used [0x00000000a0000000,0x00000000a7bc08c0,0x00000000ab500000)
 Metaspace       used 83902K, capacity 89661K, committed 89880K, reserved 1126400K
  class space    used 10756K, capacity 12043K, committed 12080K, reserved 1048576K
}

